<?xml version="1.0" encoding="UTF-8"?>
<testsuite xmlns:xsi="http://www.w3.org/2001/XMLSchema-instance" xsi:noNamespaceSchemaLocation="https://maven.apache.org/surefire/maven-surefire-plugin/xsd/surefire-test-report.xsd" version="3.0.2" name="io.quarkus.workshop.superheroes.ui.WebUITests" time="1.223" tests="1" errors="0" skipped="0" failures="0">
  <properties>
[...]
</properties>
  <testcase name="webApplicationEndpoint" classname="io.quarkus.workshop.superheroes.ui.WebUITests" time="0.867">
    <system-out><![CDATA[2026-03-09 15:28:44,455 WARN  [io.qua.qui.dep.QuinoaProcessor] (build-18) Quinoa is disabled by default in tests.
2026-03-09 15:28:45,853 INFO  [io.qua.qui.dep.fra.FrameworkType] (build-24) Quinoa detected 'REACT' frameworkType from package.json file.
2026-03-09 15:28:46,165 INFO  [com.git.eir.mav.plu.fro.lib.NodeInstaller] (build-16) Node v16.16.0 is already installed.
2026-03-09 15:28:46,170 INFO  [io.qua.qui.dep.QuinoaProcessor] (build-16) Fresh Quinoa build, let's install packages...
2026-03-09 15:28:46,171 INFO  [io.qua.qui.dep.pac.PackageManagerRunner] (build-16) Running Quinoa package manager install command: node /home/wellinton/Projetos-pessoais/quarkus-super-heroes/super-heroes/ui-super-heroes/.quinoa/node/node_modules/npm/bin/npm-cli.js install
2026-03-09 15:28:52,680 INFO  [io.qua.qui.dep.pac.PackageManagerRunner] (build-16) 
2026-03-09 15:28:52,680 INFO  [io.qua.qui.dep.pac.PackageManagerRunner] (build-16) up to date, audited 1467 packages in 6s
2026-03-09 15:28:52,680 INFO  [io.qua.qui.dep.pac.PackageManagerRunner] (build-16) 
2026-03-09 15:28:52,680 INFO  [io.qua.qui.dep.pac.PackageManagerRunner] (build-16) 246 packages are looking for funding
2026-03-09 15:28:52,680 INFO  [io.qua.qui.dep.pac.PackageManagerRunner] (build-16)   run `npm fund` for details
2026-03-09 15:28:52,735 INFO  [io.qua.qui.dep.pac.PackageManagerRunner] (build-16) 
2026-03-09 15:28:52,736 INFO  [io.qua.qui.dep.pac.PackageManagerRunner] (build-16) 56 vulnerabilities (15 low, 16 moderate, 24 high, 1 critical)
2026-03-09 15:28:52,736 INFO  [io.qua.qui.dep.pac.PackageManagerRunner] (build-16) 
2026-03-09 15:28:52,736 INFO  [io.qua.qui.dep.pac.PackageManagerRunner] (build-16) To address issues that do not require attention, run:
2026-03-09 15:28:52,736 INFO  [io.qua.qui.dep.pac.PackageManagerRunner] (build-16)   npm audit fix
2026-03-09 15:28:52,736 INFO  [io.qua.qui.dep.pac.PackageManagerRunner] (build-16) 
2026-03-09 15:28:52,737 INFO  [io.qua.qui.dep.pac.PackageManagerRunner] (build-16) To address all issues (including breaking changes), run:
2026-03-09 15:28:52,737 INFO  [io.qua.qui.dep.pac.PackageManagerRunner] (build-16)   npm audit fix --force
2026-03-09 15:28:52,737 INFO  [io.qua.qui.dep.pac.PackageManagerRunner] (build-16) 
2026-03-09 15:28:52,737 INFO  [io.qua.qui.dep.pac.PackageManagerRunner] (build-16) Run `npm audit` for details.
2026-03-09 15:28:52,737 INFO  [io.qua.qui.dep.pac.PackageManagerRunner] (build-16) npm notice 
2026-03-09 15:28:52,737 INFO  [io.qua.qui.dep.pac.PackageManagerRunner] (build-16) npm notice New major version of npm available! 8.11.0 -> 11.11.0
2026-03-09 15:28:52,737 INFO  [io.qua.qui.dep.pac.PackageManagerRunner] (build-16) npm notice Changelog: <https://github.com/npm/cli/releases/tag/v11.11.0>
2026-03-09 15:28:52,738 INFO  [io.qua.qui.dep.pac.PackageManagerRunner] (build-16) npm notice Run `npm install -g npm@11.11.0` to update!
2026-03-09 15:28:52,738 INFO  [io.qua.qui.dep.pac.PackageManagerRunner] (build-16) npm notice 
2026-03-09 15:28:52,754 INFO  [io.qua.qui.dep.pac.PackageManagerRunner] (build-49) Running Quinoa package manager test command: node /home/wellinton/Projetos-pessoais/quarkus-super-heroes/super-heroes/ui-super-heroes/.quinoa/node/node_modules/npm/bin/npm-cli.js run test
2026-03-09 15:28:52,977 INFO  [io.qua.qui.dep.pac.PackageManagerRunner] (build-49) 
2026-03-09 15:28:52,978 INFO  [io.qua.qui.dep.pac.PackageManagerRunner] (build-49) > superheroes-ui@0.1.0 test
2026-03-09 15:28:52,978 INFO  [io.qua.qui.dep.pac.PackageManagerRunner] (build-49) > react-scripts test
2026-03-09 15:28:52,978 INFO  [io.qua.qui.dep.pac.PackageManagerRunner] (build-49) 
2026-03-09 15:28:56,317 INFO  [io.qua.qui.dep.pac.PackageManagerRunner] (build-49) &amp#27;[0;33mOne of your dependencies, babel-preset-react-app, is importing the
2026-03-09 15:28:56,317 INFO  [io.qua.qui.dep.pac.PackageManagerRunner] (build-49) "@babel/plugin-proposal-private-property-in-object" package without
2026-03-09 15:28:56,317 INFO  [io.qua.qui.dep.pac.PackageManagerRunner] (build-49) declaring it in its dependencies. This is currently working because
2026-03-09 15:28:56,318 INFO  [io.qua.qui.dep.pac.PackageManagerRunner] (build-49) "@babel/plugin-proposal-private-property-in-object" is already in your
2026-03-09 15:28:56,318 INFO  [io.qua.qui.dep.pac.PackageManagerRunner] (build-49) node_modules folder for unrelated reasons, but it &amp#27;[1mmay break at any time&amp#27;[0;33m.
2026-03-09 15:28:56,318 INFO  [io.qua.qui.dep.pac.PackageManagerRunner] (build-49) 
2026-03-09 15:28:56,318 INFO  [io.qua.qui.dep.pac.PackageManagerRunner] (build-49) babel-preset-react-app is part of the create-react-app project, &amp#27;[1mwhich
2026-03-09 15:28:56,318 INFO  [io.qua.qui.dep.pac.PackageManagerRunner] (build-49) is not maintianed anymore&amp#27;[0;33m. It is thus unlikely that this bug will
2026-03-09 15:28:56,318 INFO  [io.qua.qui.dep.pac.PackageManagerRunner] (build-49) ever be fixed. Add "@babel/plugin-proposal-private-property-in-object" to
2026-03-09 15:28:56,318 INFO  [io.qua.qui.dep.pac.PackageManagerRunner] (build-49) your devDependencies to work around this error. This will make this message
2026-03-09 15:28:56,318 INFO  [io.qua.qui.dep.pac.PackageManagerRunner] (build-49) go away.&amp#27;[0m
2026-03-09 15:28:56,318 INFO  [io.qua.qui.dep.pac.PackageManagerRunner] (build-49)   
2026-03-09 15:28:57,066 INFO  [io.qua.qui.dep.pac.PackageManagerRunner] (build-49) PASS src/app/shared/api/fight-service.test.js
2026-03-09 15:28:57,081 INFO  [io.qua.qui.dep.pac.PackageManagerRunner] (build-49)   ● Console
2026-03-09 15:28:57,081 INFO  [io.qua.qui.dep.pac.PackageManagerRunner] (build-49) 
2026-03-09 15:28:57,081 INFO  [io.qua.qui.dep.pac.PackageManagerRunner] (build-49)     console.error
2026-03-09 15:28:57,081 INFO  [io.qua.qui.dep.pac.PackageManagerRunner] (build-49)       Error: Deliberate error: No Java services available
2026-03-09 15:28:57,082 INFO  [io.qua.qui.dep.pac.PackageManagerRunner] (build-49)           at Object.<anonymous> (/home/wellinton/Projetos-pessoais/quarkus-super-heroes/super-heroes/ui-super-heroes/src/main/webui/src/app/shared/api/fight-service.test.js:106:37)
2026-03-09 15:28:57,082 INFO  [io.qua.qui.dep.pac.PackageManagerRunner] (build-49)           at Promise.then.completed (/home/wellinton/Projetos-pessoais/quarkus-super-heroes/super-heroes/ui-super-heroes/src/main/webui/node_modules/jest-circus/build/utils.js:391:28)
2026-03-09 15:28:57,082 INFO  [io.qua.qui.dep.pac.PackageManagerRunner] (build-49)           at new Promise (<anonymous>)
2026-03-09 15:28:57,082 INFO  [io.qua.qui.dep.pac.PackageManagerRunner] (build-49)           at callAsyncCircusFn (/home/wellinton/Projetos-pessoais/quarkus-super-heroes/super-heroes/ui-super-heroes/src/main/webui/node_modules/jest-circus/build/utils.js:316:10)
2026-03-09 15:28:57,082 INFO  [io.qua.qui.dep.pac.PackageManagerRunner] (build-49)           at _callCircusHook (/home/wellinton/Projetos-pessoais/quarkus-super-heroes/super-heroes/ui-super-heroes/src/main/webui/node_modules/jest-circus/build/run.js:181:40)
2026-03-09 15:28:57,082 INFO  [io.qua.qui.dep.pac.PackageManagerRunner] (build-49)           at processTicksAndRejections (node:internal/process/task_queues:96:5)
2026-03-09 15:28:57,082 INFO  [io.qua.qui.dep.pac.PackageManagerRunner] (build-49)           at _runTest (/home/wellinton/Projetos-pessoais/quarkus-super-heroes/super-heroes/ui-super-heroes/src/main/webui/node_modules/jest-circus/build/run.js:148:5)
2026-03-09 15:28:57,082 INFO  [io.qua.qui.dep.pac.PackageManagerRunner] (build-49)           at _runTestsForDescribeBlock (/home/wellinton/Projetos-pessoais/quarkus-super-heroes/super-heroes/ui-super-heroes/src/main/webui/node_modules/jest-circus/build/run.js:66:9)
2026-03-09 15:28:57,083 INFO  [io.qua.qui.dep.pac.PackageManagerRunner] (build-49)           at _runTestsForDescribeBlock (/home/wellinton/Projetos-pessoais/quarkus-super-heroes/super-heroes/ui-super-heroes/src/main/webui/node_modules/jest-circus/build/run.js:60:9)
2026-03-09 15:28:57,083 INFO  [io.qua.qui.dep.pac.PackageManagerRunner] (build-49)           at _runTestsForDescribeBlock (/home/wellinton/Projetos-pessoais/quarkus-super-heroes/super-heroes/ui-super-heroes/src/main/webui/node_modules/jest-circus/build/run.js:60:9)
2026-03-09 15:28:57,083 INFO  [io.qua.qui.dep.pac.PackageManagerRunner] (build-49)           at _runTestsForDescribeBlock (/home/wellinton/Projetos-pessoais/quarkus-super-heroes/super-heroes/ui-super-heroes/src/main/webui/node_modules/jest-circus/build/run.js:60:9)
2026-03-09 15:28:57,083 INFO  [io.qua.qui.dep.pac.PackageManagerRunner] (build-49)           at run (/home/wellinton/Projetos-pessoais/quarkus-super-heroes/super-heroes/ui-super-heroes/src/main/webui/node_modules/jest-circus/build/run.js:25:3)
2026-03-09 15:28:57,083 INFO  [io.qua.qui.dep.pac.PackageManagerRunner] (build-49)           at runAndTransformResultsToJestFormat (/home/wellinton/Projetos-pessoais/quarkus-super-heroes/super-heroes/ui-super-heroes/src/main/webui/node_modules/jest-circus/build/legacy-code-todo-rewrite/jestAdapterInit.js:170:21)
2026-03-09 15:28:57,083 INFO  [io.qua.qui.dep.pac.PackageManagerRunner] (build-49)           at jestAdapter (/home/wellinton/Projetos-pessoais/quarkus-super-heroes/super-heroes/ui-super-heroes/src/main/webui/node_modules/jest-circus/build/legacy-code-todo-rewrite/jestAdapter.js:68:19)
2026-03-09 15:28:57,083 INFO  [io.qua.qui.dep.pac.PackageManagerRunner] (build-49)           at runTestInternal (/home/wellinton/Projetos-pessoais/quarkus-super-heroes/super-heroes/ui-super-heroes/src/main/webui/node_modules/jest-runner/build/runTest.js:389:16)
2026-03-09 15:28:57,084 INFO  [io.qua.qui.dep.pac.PackageManagerRunner] (build-49)           at runTest (/home/wellinton/Projetos-pessoais/quarkus-super-heroes/super-heroes/ui-super-heroes/src/main/webui/node_modules/jest-runner/build/runTest.js:475:34)
2026-03-09 15:28:57,084 INFO  [io.qua.qui.dep.pac.PackageManagerRunner] (build-49)           at Object.worker (/home/wellinton/Projetos-pessoais/quarkus-super-heroes/super-heroes/ui-super-heroes/src/main/webui/node_modules/jest-runner/build/testWorker.js:133:12)
2026-03-09 15:28:57,084 INFO  [io.qua.qui.dep.pac.PackageManagerRunner] (build-49) 
2026-03-09 15:28:57,084 INFO  [io.qua.qui.dep.pac.PackageManagerRunner] (build-49)       73 |     return response.data
2026-03-09 15:28:57,084 INFO  [io.qua.qui.dep.pac.PackageManagerRunner] (build-49)       74 |   } catch (error) {
2026-03-09 15:28:57,084 INFO  [io.qua.qui.dep.pac.PackageManagerRunner] (build-49)     > 75 |     console.error(error)
2026-03-09 15:28:57,084 INFO  [io.qua.qui.dep.pac.PackageManagerRunner] (build-49)          |             ^
2026-03-09 15:28:57,084 INFO  [io.qua.qui.dep.pac.PackageManagerRunner] (build-49)       76 |   }
2026-03-09 15:28:57,084 INFO  [io.qua.qui.dep.pac.PackageManagerRunner] (build-49)       77 | }
2026-03-09 15:28:57,085 INFO  [io.qua.qui.dep.pac.PackageManagerRunner] (build-49)       78 |
2026-03-09 15:28:57,085 INFO  [io.qua.qui.dep.pac.PackageManagerRunner] (build-49) 
2026-03-09 15:28:57,085 INFO  [io.qua.qui.dep.pac.PackageManagerRunner] (build-49)       at getRandomFighters (src/app/shared/api/fight-service.js:75:13)
2026-03-09 15:28:57,085 INFO  [io.qua.qui.dep.pac.PackageManagerRunner] (build-49)       at Object.<anonymous> (src/app/shared/api/fight-service.test.js:114:24)
2026-03-09 15:28:57,085 INFO  [io.qua.qui.dep.pac.PackageManagerRunner] (build-49) 
2026-03-09 15:28:57,085 INFO  [io.qua.qui.dep.pac.PackageManagerRunner] (build-49) &amp#27;[0;33mOne of your dependencies, babel-preset-react-app, is importing the
2026-03-09 15:28:57,085 INFO  [io.qua.qui.dep.pac.PackageManagerRunner] (build-49) "@babel/plugin-proposal-private-property-in-object" package without
2026-03-09 15:28:57,085 INFO  [io.qua.qui.dep.pac.PackageManagerRunner] (build-49) declaring it in its dependencies. This is currently working because
2026-03-09 15:28:57,085 INFO  [io.qua.qui.dep.pac.PackageManagerRunner] (build-49) "@babel/plugin-proposal-private-property-in-object" is already in your
2026-03-09 15:28:57,086 INFO  [io.qua.qui.dep.pac.PackageManagerRunner] (build-49) node_modules folder for unrelated reasons, but it &amp#27;[1mmay break at any time&amp#27;[0;33m.
2026-03-09 15:28:57,086 INFO  [io.qua.qui.dep.pac.PackageManagerRunner] (build-49) 
2026-03-09 15:28:57,086 INFO  [io.qua.qui.dep.pac.PackageManagerRunner] (build-49) babel-preset-react-app is part of the create-react-app project, &amp#27;[1mwhich
2026-03-09 15:28:57,086 INFO  [io.qua.qui.dep.pac.PackageManagerRunner] (build-49) is not maintianed anymore&amp#27;[0;33m. It is thus unlikely that this bug will
2026-03-09 15:28:57,086 INFO  [io.qua.qui.dep.pac.PackageManagerRunner] (build-49) ever be fixed. Add "@babel/plugin-proposal-private-property-in-object" to
2026-03-09 15:28:57,086 INFO  [io.qua.qui.dep.pac.PackageManagerRunner] (build-49) your devDependencies to work around this error. This will make this message
2026-03-09 15:28:57,086 INFO  [io.qua.qui.dep.pac.PackageManagerRunner] (build-49) go away.&amp#27;[0m
2026-03-09 15:28:57,086 INFO  [io.qua.qui.dep.pac.PackageManagerRunner] (build-49)   
2026-03-09 15:29:00,893 INFO  [io.qua.qui.dep.pac.PackageManagerRunner] (build-49) &amp#27;[0;33mOne of your dependencies, babel-preset-react-app, is importing the
2026-03-09 15:29:00,893 INFO  [io.qua.qui.dep.pac.PackageManagerRunner] (build-49) "@babel/plugin-proposal-private-property-in-object" package without
2026-03-09 15:29:00,893 INFO  [io.qua.qui.dep.pac.PackageManagerRunner] (build-49) declaring it in its dependencies. This is currently working because
2026-03-09 15:29:00,893 INFO  [io.qua.qui.dep.pac.PackageManagerRunner] (build-49) "@babel/plugin-proposal-private-property-in-object" is already in your
2026-03-09 15:29:00,894 INFO  [io.qua.qui.dep.pac.PackageManagerRunner] (build-49) node_modules folder for unrelated reasons, but it &amp#27;[1mmay break at any time&amp#27;[0;33m.
2026-03-09 15:29:00,894 INFO  [io.qua.qui.dep.pac.PackageManagerRunner] (build-49) 
2026-03-09 15:29:00,894 INFO  [io.qua.qui.dep.pac.PackageManagerRunner] (build-49) babel-preset-react-app is part of the create-react-app project, &amp#27;[1mwhich
2026-03-09 15:29:00,894 INFO  [io.qua.qui.dep.pac.PackageManagerRunner] (build-49) is not maintianed anymore&amp#27;[0;33m. It is thus unlikely that this bug will
2026-03-09 15:29:00,894 INFO  [io.qua.qui.dep.pac.PackageManagerRunner] (build-49) ever be fixed. Add "@babel/plugin-proposal-private-property-in-object" to
2026-03-09 15:29:00,894 INFO  [io.qua.qui.dep.pac.PackageManagerRunner] (build-49) your devDependencies to work around this error. This will make this message
2026-03-09 15:29:00,894 INFO  [io.qua.qui.dep.pac.PackageManagerRunner] (build-49) go away.&amp#27;[0m
2026-03-09 15:29:00,894 INFO  [io.qua.qui.dep.pac.PackageManagerRunner] (build-49)   
2026-03-09 15:29:01,023 INFO  [io.qua.qui.dep.pac.PackageManagerRunner] (build-49) PASS src/app/fight-list/FightList.test.js (5.567 s)
2026-03-09 15:29:01,472 INFO  [io.qua.qui.dep.pac.PackageManagerRunner] (build-49) &amp#27;[0;33mOne of your dependencies, babel-preset-react-app, is importing the
2026-03-09 15:29:01,473 INFO  [io.qua.qui.dep.pac.PackageManagerRunner] (build-49) "@babel/plugin-proposal-private-property-in-object" package without
2026-03-09 15:29:01,473 INFO  [io.qua.qui.dep.pac.PackageManagerRunner] (build-49) declaring it in its dependencies. This is currently working because
2026-03-09 15:29:01,473 INFO  [io.qua.qui.dep.pac.PackageManagerRunner] (build-49) "@babel/plugin-proposal-private-property-in-object" is already in your
2026-03-09 15:29:01,473 INFO  [io.qua.qui.dep.pac.PackageManagerRunner] (build-49) node_modules folder for unrelated reasons, but it &amp#27;[1mmay break at any time&amp#27;[0;33m.
2026-03-09 15:29:01,473 INFO  [io.qua.qui.dep.pac.PackageManagerRunner] (build-49) 
2026-03-09 15:29:01,473 INFO  [io.qua.qui.dep.pac.PackageManagerRunner] (build-49) babel-preset-react-app is part of the create-react-app project, &amp#27;[1mwhich
2026-03-09 15:29:01,473 INFO  [io.qua.qui.dep.pac.PackageManagerRunner] (build-49) is not maintianed anymore&amp#27;[0;33m. It is thus unlikely that this bug will
2026-03-09 15:29:01,473 INFO  [io.qua.qui.dep.pac.PackageManagerRunner] (build-49) ever be fixed. Add "@babel/plugin-proposal-private-property-in-object" to
2026-03-09 15:29:01,473 INFO  [io.qua.qui.dep.pac.PackageManagerRunner] (build-49) your devDependencies to work around this error. This will make this message
2026-03-09 15:29:01,473 INFO  [io.qua.qui.dep.pac.PackageManagerRunner] (build-49) go away.&amp#27;[0m
2026-03-09 15:29:01,473 INFO  [io.qua.qui.dep.pac.PackageManagerRunner] (build-49)   
2026-03-09 15:29:01,591 INFO  [io.qua.qui.dep.pac.PackageManagerRunner] (build-49) PASS src/app/App.test.js (6.132 s)
2026-03-09 15:29:01,597 INFO  [io.qua.qui.dep.pac.PackageManagerRunner] (build-49) &amp#27;[0;33mOne of your dependencies, babel-preset-react-app, is importing the
2026-03-09 15:29:01,597 INFO  [io.qua.qui.dep.pac.PackageManagerRunner] (build-49) "@babel/plugin-proposal-private-property-in-object" package without
2026-03-09 15:29:01,597 INFO  [io.qua.qui.dep.pac.PackageManagerRunner] (build-49) declaring it in its dependencies. This is currently working because
2026-03-09 15:29:01,597 INFO  [io.qua.qui.dep.pac.PackageManagerRunner] (build-49) "@babel/plugin-proposal-private-property-in-object" is already in your
2026-03-09 15:29:01,597 INFO  [io.qua.qui.dep.pac.PackageManagerRunner] (build-49) node_modules folder for unrelated reasons, but it &amp#27;[1mmay break at any time&amp#27;[0;33m.
2026-03-09 15:29:01,597 INFO  [io.qua.qui.dep.pac.PackageManagerRunner] (build-49) 
2026-03-09 15:29:01,597 INFO  [io.qua.qui.dep.pac.PackageManagerRunner] (build-49) babel-preset-react-app is part of the create-react-app project, &amp#27;[1mwhich
2026-03-09 15:29:01,597 INFO  [io.qua.qui.dep.pac.PackageManagerRunner] (build-49) is not maintianed anymore&amp#27;[0;33m. It is thus unlikely that this bug will
2026-03-09 15:29:01,597 INFO  [io.qua.qui.dep.pac.PackageManagerRunner] (build-49) ever be fixed. Add "@babel/plugin-proposal-private-property-in-object" to
2026-03-09 15:29:01,598 INFO  [io.qua.qui.dep.pac.PackageManagerRunner] (build-49) your devDependencies to work around this error. This will make this message
2026-03-09 15:29:01,598 INFO  [io.qua.qui.dep.pac.PackageManagerRunner] (build-49) go away.&amp#27;[0m
2026-03-09 15:29:01,598 INFO  [io.qua.qui.dep.pac.PackageManagerRunner] (build-49)   
2026-03-09 15:29:01,710 INFO  [io.qua.qui.dep.pac.PackageManagerRunner] (build-49) PASS src/app/fight/Fight.test.js (6.254 s)
2026-03-09 15:29:01,760 INFO  [io.qua.qui.dep.pac.PackageManagerRunner] (build-49) 
2026-03-09 15:29:01,760 INFO  [io.qua.qui.dep.pac.PackageManagerRunner] (build-49) Test Suites: 4 passed, 4 total
2026-03-09 15:29:01,760 INFO  [io.qua.qui.dep.pac.PackageManagerRunner] (build-49) Tests:       23 passed, 23 total
2026-03-09 15:29:01,760 INFO  [io.qua.qui.dep.pac.PackageManagerRunner] (build-49) Snapshots:   0 total
2026-03-09 15:29:01,760 INFO  [io.qua.qui.dep.pac.PackageManagerRunner] (build-49) Time:        8.145 s
2026-03-09 15:29:01,760 INFO  [io.qua.qui.dep.pac.PackageManagerRunner] (build-49) Ran all test suites.
2026-03-09 15:29:01,809 INFO  [io.qua.qui.dep.pac.PackageManagerRunner] (build-49) Running Quinoa package manager build command: node /home/wellinton/Projetos-pessoais/quarkus-super-heroes/super-heroes/ui-super-heroes/.quinoa/node/node_modules/npm/bin/npm-cli.js run build
2026-03-09 15:29:02,021 INFO  [io.qua.qui.dep.pac.PackageManagerRunner] (build-49) 
2026-03-09 15:29:02,021 INFO  [io.qua.qui.dep.pac.PackageManagerRunner] (build-49) > superheroes-ui@0.1.0 build
2026-03-09 15:29:02,021 INFO  [io.qua.qui.dep.pac.PackageManagerRunner] (build-49) > react-scripts build
2026-03-09 15:29:02,021 INFO  [io.qua.qui.dep.pac.PackageManagerRunner] (build-49) 
2026-03-09 15:29:03,164 INFO  [io.qua.qui.dep.pac.PackageManagerRunner] (build-49) Creating an optimized production build...
2026-03-09 15:29:03,293 INFO  [io.qua.qui.dep.pac.PackageManagerRunner] (build-49) Browserslist: caniuse-lite is outdated. Please run:
2026-03-09 15:29:03,293 INFO  [io.qua.qui.dep.pac.PackageManagerRunner] (build-49)   npx update-browserslist-db@latest
2026-03-09 15:29:03,293 INFO  [io.qua.qui.dep.pac.PackageManagerRunner] (build-49)   Why you should do it regularly: https://github.com/browserslist/update-db#readme
2026-03-09 15:29:08,788 INFO  [io.qua.qui.dep.pac.PackageManagerRunner] (build-49) Browserslist: caniuse-lite is outdated. Please run:
2026-03-09 15:29:08,788 INFO  [io.qua.qui.dep.pac.PackageManagerRunner] (build-49)   npx update-browserslist-db@latest
2026-03-09 15:29:08,788 INFO  [io.qua.qui.dep.pac.PackageManagerRunner] (build-49)   Why you should do it regularly: https://github.com/browserslist/update-db#readme
2026-03-09 15:29:09,288 INFO  [io.qua.qui.dep.pac.PackageManagerRunner] (build-49) Compiled successfully.
2026-03-09 15:29:09,288 INFO  [io.qua.qui.dep.pac.PackageManagerRunner] (build-49) 
2026-03-09 15:29:09,288 INFO  [io.qua.qui.dep.pac.PackageManagerRunner] (build-49) File sizes after gzip:
2026-03-09 15:29:09,288 INFO  [io.qua.qui.dep.pac.PackageManagerRunner] (build-49) 
2026-03-09 15:29:09,300 INFO  [io.qua.qui.dep.pac.PackageManagerRunner] (build-49)   79.88 kB  build/static/js/main.b6470886.js
2026-03-09 15:29:09,300 INFO  [io.qua.qui.dep.pac.PackageManagerRunner] (build-49)   775 B     build/static/css/main.0b0ffea0.css
2026-03-09 15:29:09,300 INFO  [io.qua.qui.dep.pac.PackageManagerRunner] (build-49) 
2026-03-09 15:29:09,300 INFO  [io.qua.qui.dep.pac.PackageManagerRunner] (build-49) The project was built assuming it is hosted at /.
2026-03-09 15:29:09,300 INFO  [io.qua.qui.dep.pac.PackageManagerRunner] (build-49) You can control this with the homepage field in your package.json.
2026-03-09 15:29:09,300 INFO  [io.qua.qui.dep.pac.PackageManagerRunner] (build-49) 
2026-03-09 15:29:09,301 INFO  [io.qua.qui.dep.pac.PackageManagerRunner] (build-49) The build folder is ready to be deployed.
2026-03-09 15:29:09,301 INFO  [io.qua.qui.dep.pac.PackageManagerRunner] (build-49) You may serve it with a static server:
2026-03-09 15:29:09,301 INFO  [io.qua.qui.dep.pac.PackageManagerRunner] (build-49) 
2026-03-09 15:29:09,301 INFO  [io.qua.qui.dep.pac.PackageManagerRunner] (build-49)   npm install -g serve
2026-03-09 15:29:09,301 INFO  [io.qua.qui.dep.pac.PackageManagerRunner] (build-49)   serve -s build
2026-03-09 15:29:09,301 INFO  [io.qua.qui.dep.pac.PackageManagerRunner] (build-49) 
2026-03-09 15:29:09,301 INFO  [io.qua.qui.dep.pac.PackageManagerRunner] (build-49) Find out more about deployment here:
2026-03-09 15:29:09,301 INFO  [io.qua.qui.dep.pac.PackageManagerRunner] (build-49) 
2026-03-09 15:29:09,301 INFO  [io.qua.qui.dep.pac.PackageManagerRunner] (build-49)   https://cra.link/deployment
2026-03-09 15:29:09,301 INFO  [io.qua.qui.dep.pac.PackageManagerRunner] (build-49) 
2026-03-09 15:29:09,349 INFO  [io.qua.qui.dep.QuinoaProcessor] (build-49) Quinoa target directory: '/home/wellinton/Projetos-pessoais/quarkus-super-heroes/super-heroes/ui-super-heroes/target/quinoa/build' containing 8 resources
2026-03-09 15:29:09,887 INFO  [io.quarkus] (main) ui-super-heroes 1.0.0-SNAPSHOT on JVM (powered by Quarkus 3.27.0) started in 26.006s. Listening on: http://localhost:8081
2026-03-09 15:29:09,888 INFO  [io.quarkus] (main) Profile test activated. 
2026-03-09 15:29:09,888 INFO  [io.quarkus] (main) Installed features: [cdi, playwright, quinoa, rest, rest-jackson, smallrye-context-propagation, vertx]
]]></system-out>
  </testcase>
</testsuite>